<?xml version="1.0" encoding="UTF-8"?>
<!-- Generated by org.testng.reporters.JUnitXMLReporter -->
<testsuite ignored="1" hostname="Amys-MBP" failures="0" tests="1" name="TestNG" time="44.226" errors="0" timestamp="2024-02-21T20:32:19 EST">
  <testcase classname="com.testng.basics.class1.LoginTest1" name="@BeforeMethod openBrowserAndLaunchApp" time="44.182">
    <failure type="org.openqa.selenium.SessionNotCreatedException" message="session not created: This version of ChromeDriver only supports Chrome version 89
Current browser version is 121.0.6167.184 with binary path /Applications/Google Chrome.app/Contents/MacOS/Google Chrome
Build info: version: &amp;apos;3.141.59&amp;apos;, revision: &amp;apos;e82be7d358&amp;apos;, time: &amp;apos;2018-11-14T08:25:48&amp;apos;
System info: host: &amp;apos;Amys-MBP&amp;apos;, ip: &amp;apos;fe80:0:0:0:66:2c15:646c:d60d%en0&amp;apos;, os.name: &amp;apos;Mac OS X&amp;apos;, os.arch: &amp;apos;x86_64&amp;apos;, os.version: &amp;apos;14.3.1&amp;apos;, java.version: &amp;apos;15.0.2&amp;apos;
Driver info: driver.version: ChromeDriver
remote stacktrace: 0   chromedriver                        0x0000000100e9a100 chromedriver + 2384128
1   chromedriver                        0x0000000101486ccc chromedriver + 8596684
2   chromedriver                        0x0000000100c79660 chromedriver + 153184
3   chromedriver                        0x0000000100c996bc chromedriver + 284348
4   chromedriver                        0x0000000100c9667c chromedriver + 271996
5   chromedriver                        0x0000000100c941b4 chromedriver + 262580
6   chromedriver                        0x0000000100cbfbb0 chromedriver + 441264
7   chromedriver                        0x0000000100c9bab8 chromedriver + 293560
8   chromedriver                        0x0000000100c9c82c chromedriver + 297004
9   chromedriver                        0x0000000100e6ca70 chromedriver + 2198128
10  chromedriver                        0x0000000100e785ac chromedriver + 2246060
11  chromedriver                        0x0000000100e781d8 chromedriver + 2245080
12  chromedriver                        0x0000000100e55168 chromedriver + 2101608
13  chromedriver                        0x0000000100e78ee8 chromedriver + 2248424
14  chromedriver                        0x0000000100e62e54 chromedriver + 2158164
15  chromedriver                        0x0000000100e8e0b8 chromedriver + 2334904
16  chromedriver                        0x0000000100e9eef0 chromedriver + 2404080
17  libsystem_pthread.dylib             0x000000018994e034 _pthread_start + 136
18  libsystem_pthread.dylib             0x0000000189948e3c thread_start + 8
">
      <![CDATA[org.openqa.selenium.SessionNotCreatedException: session not created: This version of ChromeDriver only supports Chrome version 89
Current browser version is 121.0.6167.184 with binary path /Applications/Google Chrome.app/Contents/MacOS/Google Chrome
Build info: version: '3.141.59', revision: 'e82be7d358', time: '2018-11-14T08:25:48'
System info: host: 'Amys-MBP', ip: 'fe80:0:0:0:66:2c15:646c:d60d%en0', os.name: 'Mac OS X', os.arch: 'x86_64', os.version: '14.3.1', java.version: '15.0.2'
Driver info: driver.version: ChromeDriver
remote stacktrace: 0   chromedriver                        0x0000000100e9a100 chromedriver + 2384128
1   chromedriver                        0x0000000101486ccc chromedriver + 8596684
2   chromedriver                        0x0000000100c79660 chromedriver + 153184
3   chromedriver                        0x0000000100c996bc chromedriver + 284348
4   chromedriver                        0x0000000100c9667c chromedriver + 271996
5   chromedriver                        0x0000000100c941b4 chromedriver + 262580
6   chromedriver                        0x0000000100cbfbb0 chromedriver + 441264
7   chromedriver                        0x0000000100c9bab8 chromedriver + 293560
8   chromedriver                        0x0000000100c9c82c chromedriver + 297004
9   chromedriver                        0x0000000100e6ca70 chromedriver + 2198128
10  chromedriver                        0x0000000100e785ac chromedriver + 2246060
11  chromedriver                        0x0000000100e781d8 chromedriver + 2245080
12  chromedriver                        0x0000000100e55168 chromedriver + 2101608
13  chromedriver                        0x0000000100e78ee8 chromedriver + 2248424
14  chromedriver                        0x0000000100e62e54 chromedriver + 2158164
15  chromedriver                        0x0000000100e8e0b8 chromedriver + 2334904
16  chromedriver                        0x0000000100e9eef0 chromedriver + 2404080
17  libsystem_pthread.dylib             0x000000018994e034 _pthread_start + 136
18  libsystem_pthread.dylib             0x0000000189948e3c thread_start + 8

at org.openqa.selenium.remote.W3CHandshakeResponse.lambda$errorHandler$0(W3CHandshakeResponse.java:62)
at org.openqa.selenium.remote.HandshakeResponse.lambda$getResponseFunction$0(HandshakeResponse.java:30)
at org.openqa.selenium.remote.ProtocolHandshake.lambda$createSession$0(ProtocolHandshake.java:126)
at java.base/java.util.stream.ReferencePipeline$3$1.accept(ReferencePipeline.java:195)
at java.base/java.util.Spliterators$ArraySpliterator.tryAdvance(Spliterators.java:958)
at java.base/java.util.stream.ReferencePipeline.forEachWithCancel(ReferencePipeline.java:127)
at java.base/java.util.stream.AbstractPipeline.copyIntoWithCancel(AbstractPipeline.java:502)
at java.base/java.util.stream.AbstractPipeline.copyInto(AbstractPipeline.java:488)
at java.base/java.util.stream.AbstractPipeline.wrapAndCopyInto(AbstractPipeline.java:474)
at java.base/java.util.stream.FindOps$FindOp.evaluateSequential(FindOps.java:150)
at java.base/java.util.stream.AbstractPipeline.evaluate(AbstractPipeline.java:234)
at java.base/java.util.stream.ReferencePipeline.findFirst(ReferencePipeline.java:543)
at org.openqa.selenium.remote.ProtocolHandshake.createSession(ProtocolHandshake.java:128)
at org.openqa.selenium.remote.ProtocolHandshake.createSession(ProtocolHandshake.java:74)
at org.openqa.selenium.remote.HttpCommandExecutor.execute(HttpCommandExecutor.java:136)
at org.openqa.selenium.remote.service.DriverCommandExecutor.execute(DriverCommandExecutor.java:83)
at org.openqa.selenium.remote.RemoteWebDriver.execute(RemoteWebDriver.java:552)
at org.openqa.selenium.remote.RemoteWebDriver.startSession(RemoteWebDriver.java:213)
at org.openqa.selenium.remote.RemoteWebDriver.<init>(RemoteWebDriver.java:131)
at org.openqa.selenium.chrome.ChromeDriver.<init>(ChromeDriver.java:181)
at org.openqa.selenium.chrome.ChromeDriver.<init>(ChromeDriver.java:168)
at org.openqa.selenium.chrome.ChromeDriver.<init>(ChromeDriver.java:123)
at com.testng.basics.class1.LoginTest1.openBrowserAndLaunchApp(LoginTest1.java:20)
at java.base/java.util.ArrayList.forEach(ArrayList.java:1511)
at com.intellij.rt.testng.IDEARemoteTestNG.run(IDEARemoteTestNG.java:66)
at com.intellij.rt.testng.RemoteTestNGStarter.main(RemoteTestNGStarter.java:109)
... Removed 33 stack frames]]>
    </failure>
  </testcase> <!-- @BeforeMethod openBrowserAndLaunchApp -->
  <testcase classname="com.testng.basics.class1.LoginTest1" name="@AfterMethod tearDown" time="-1.708565539128E9">
    <skipped/>
  </testcase> <!-- @AfterMethod tearDown -->
  <testcase classname="com.testng.basics.class1.LoginTest1" name="validLogin" time="0.0">
    <skipped/>
  </testcase> <!-- validLogin -->
  <testcase classname="com.testng.basics.class1.LoginTest1" name="validationOfTitle" time="0.0">
    <ignored/>
  </testcase> <!-- validationOfTitle -->
</testsuite> <!-- TestNG -->
