<?xml version="1.0" encoding="UTF-8"?>
<!-- Generated by org.testng.reporters.JUnitXMLReporter -->
<testsuite ignored="0" hostname="Amys-MBP" failures="0" tests="12" name="/Users/amyvelasquez/IdeaProjects/TestNG" time="16.484" errors="0" timestamp="2021-05-23T10:49:08 EDT">
  <testcase classname="com.testng.basics.class2.EnableAndDisable" name="@BeforeMethod openBrowserAndLaunchApp" time="0.004">
    <failure type="java.lang.IllegalStateException" message="The driver executable does not exist: /Users/amyvelasquez/IdeaProjects/TestNG/Drivers/chromedriver.exe">
      <![CDATA[java.lang.IllegalStateException: The driver executable does not exist: /Users/amyvelasquez/IdeaProjects/TestNG/Drivers/chromedriver.exe
at com.google.common.base.Preconditions.checkState(Preconditions.java:585)
at org.openqa.selenium.remote.service.DriverService.checkExecutable(DriverService.java:146)
at org.openqa.selenium.remote.service.DriverService.findExecutable(DriverService.java:141)
at org.openqa.selenium.chrome.ChromeDriverService.access$000(ChromeDriverService.java:35)
at org.openqa.selenium.chrome.ChromeDriverService$Builder.findDefaultExecutable(ChromeDriverService.java:159)
at org.openqa.selenium.remote.service.DriverService$Builder.build(DriverService.java:355)
at org.openqa.selenium.chrome.ChromeDriverService.createDefaultService(ChromeDriverService.java:94)
at org.openqa.selenium.chrome.ChromeDriver.<init>(ChromeDriver.java:123)
at com.testng.basics.class2.EnableAndDisable.openBrowserAndLaunchApp(EnableAndDisable.java:20)
at java.base/jdk.internal.reflect.NativeMethodAccessorImpl.invoke0(Native Method)
at java.base/jdk.internal.reflect.NativeMethodAccessorImpl.invoke(NativeMethodAccessorImpl.java:64)
at java.base/jdk.internal.reflect.DelegatingMethodAccessorImpl.invoke(DelegatingMethodAccessorImpl.java:43)
at java.base/java.lang.reflect.Method.invoke(Method.java:564)
at org.testng.internal.MethodInvocationHelper.invokeMethod(MethodInvocationHelper.java:133)
at org.testng.internal.MethodInvocationHelper.invokeMethodConsideringTimeout(MethodInvocationHelper.java:62)
at org.testng.internal.ConfigInvoker.invokeConfigurationMethod(ConfigInvoker.java:385)
at org.testng.internal.ConfigInvoker.invokeConfigurations(ConfigInvoker.java:321)
at org.testng.internal.TestInvoker.runConfigMethods(TestInvoker.java:700)
at org.testng.internal.TestInvoker.invokeMethod(TestInvoker.java:527)
at org.testng.internal.TestInvoker.invokeTestMethod(TestInvoker.java:173)
at org.testng.internal.MethodRunner.runInSequence(MethodRunner.java:46)
at org.testng.internal.TestInvoker$MethodInvocationAgent.invoke(TestInvoker.java:824)
at org.testng.internal.TestInvoker.invokeTestMethods(TestInvoker.java:146)
at org.testng.internal.TestMethodWorker.invokeTestMethods(TestMethodWorker.java:146)
at org.testng.internal.TestMethodWorker.run(TestMethodWorker.java:128)
at java.base/java.util.ArrayList.forEach(ArrayList.java:1511)
at org.testng.TestRunner.privateRun(TestRunner.java:794)
at org.testng.TestRunner.run(TestRunner.java:596)
at org.testng.SuiteRunner.runTest(SuiteRunner.java:377)
at org.testng.SuiteRunner.runSequentially(SuiteRunner.java:371)
at org.testng.SuiteRunner.privateRun(SuiteRunner.java:332)
at org.testng.SuiteRunner.run(SuiteRunner.java:276)
at org.testng.SuiteRunnerWorker.runSuite(SuiteRunnerWorker.java:53)
at org.testng.SuiteRunnerWorker.run(SuiteRunnerWorker.java:96)
at org.testng.TestNG.runSuitesSequentially(TestNG.java:1212)
at org.testng.TestNG.runSuitesLocally(TestNG.java:1134)
at org.testng.TestNG.runSuites(TestNG.java:1063)
at org.testng.TestNG.run(TestNG.java:1031)
at com.intellij.rt.testng.IDEARemoteTestNG.run(IDEARemoteTestNG.java:66)
at com.intellij.rt.testng.RemoteTestNGStarter.main(RemoteTestNGStarter.java:109)
]]>
    </failure>
  </testcase> <!-- @BeforeMethod openBrowserAndLaunchApp -->
  <testcase classname="com.testng.basics.class2.EnableAndDisable" name="@AfterMethod closeBrowser" time="-1.621781347118E9">
    <skipped/>
  </testcase> <!-- @AfterMethod closeBrowser -->
  <testcase classname="com.testng.basics.class1.LoginTest1" name="validLogin" time="2.517"/>
  <testcase classname="com.testng.basics.class1.LoginTest1" name="validationOfTitle" time="0.027"/>
  <testcase classname="com.testng.basics.class1.PreAndPostCondition" name="firstFunction" time="0.0"/>
  <testcase classname="com.testng.basics.class1.PreAndPostCondition" name="secondFunction" time="0.0"/>
  <testcase classname="com.testng.basics.class1.PreAndPostCondition" name="thirdFunction" time="0.001"/>
  <testcase classname="com.testng.basics.class1.Task1" name="firstMethod" time="0.0"/>
  <testcase classname="com.testng.basics.class1.Task1" name="secondMethod" time="0.0"/>
  <testcase classname="com.testng.basics.class2.Assertion" name="assertVerification" time="0.007"/>
  <testcase classname="com.testng.basics.class2.EnableAndDisable" name="invalidLogin" time="0.0">
    <skipped/>
  </testcase> <!-- invalidLogin -->
  <testcase classname="com.testng.basics.class2.Priority" name="loginMethod" time="0.001"/>
  <testcase classname="com.testng.basics.class2.Priority" name="logoutMethod" time="0.001"/>
  <testcase classname="com.testng.basics.class2.Priority" name="enterCredentialsMethod" time="0.0"/>
</testsuite> <!-- /Users/amyvelasquez/IdeaProjects/TestNG -->
