<!DOCTYPE html PUBLIC "-//W3C//DTD XHTML 1.1//EN" "https://www.w3.org/TR/xhtml11/DTD/xhtml11.dtd">
<html xmlns="https://www.w3.org/1999/xhtml">
<head>
<meta http-equiv="content-type" content="text/html; charset=UTF-8"/>
<title>TestNG Report</title>
<style type="text/css">table {margin-bottom:10px;border-collapse:collapse;empty-cells:show}th,td {border:1px solid #009;padding:.25em .5em}th {vertical-align:bottom}td {vertical-align:top}table a {font-weight:bold}.stripe td {background-color: #E6EBF9}.num {text-align:right}.passedodd td {background-color: #3F3}.passedeven td {background-color: #0A0}.skippedodd td {background-color: #DDD}.skippedeven td {background-color: #CCC}.failedodd td,.attn {background-color: #F33}.failedeven td,.stripe .attn {background-color: #D00}.stacktrace {white-space:pre;font-family:monospace}.totop {font-size:85%;text-align:center;border-bottom:2px solid #000}.invisible {display:none}</style>
</head>
<body>
<table>
<tr><th>Test</th><th># Passed</th><th># Skipped</th><th># Retried</th><th># Failed</th><th>Time (ms)</th><th>Included Groups</th><th>Excluded Groups</th></tr>
<tr><th colspan="8">Default Suite</th></tr>
<tr><td><a href="#t0">TestNG</a></td><td class="num">0</td><td class="num attn">1</td><td class="num">0</td><td class="num">0</td><td class="num">44,226</td><td></td><td></td></tr>
</table>
<table id='summary'><thead><tr><th>Class</th><th>Method</th><th>Start</th><th>Time (ms)</th></tr></thead><tbody><tr><th colspan="4">Default Suite</th></tr></tbody><tbody id="t0"><tr><th colspan="4">TestNG &#8212; failed (configuration methods)</th></tr><tr class="failedeven"><td rowspan="1">com.testng.basics.class1.LoginTest1</td><td><a href="#m0">openBrowserAndLaunchApp</a></td><td rowspan="1">1708565494928</td><td rowspan="1">44182</td></tr><tr><th colspan="4">TestNG &#8212; skipped (configuration methods)</th></tr><tr class="skippedeven"><td rowspan="1">com.testng.basics.class1.LoginTest1</td><td><a href="#m1">tearDown</a></td><td rowspan="1">1708565539128</td><td rowspan="1">-1708565539128</td></tr><tr><th colspan="4">TestNG &#8212; skipped</th></tr><tr class="skippedeven"><td rowspan="1">com.testng.basics.class1.LoginTest1</td><td><a href="#m2">validLogin</a></td><td rowspan="1">1708565539125</td><td rowspan="1">0</td></tr></tbody>
</table>
<h2>TestNG</h2><h3 id="m0">com.testng.basics.class1.LoginTest1#openBrowserAndLaunchApp</h3><table class="result"><tr><th>Exception</th></tr><tr><td><div class="stacktrace">org.openqa.selenium.SessionNotCreatedException: session not created: This version of ChromeDriver only supports Chrome version 89
Current browser version is 121.0.6167.184 with binary path /Applications/Google Chrome.app/Contents/MacOS/Google Chrome
Build info: version: &apos;3.141.59&apos;, revision: &apos;e82be7d358&apos;, time: &apos;2018-11-14T08:25:48&apos;
System info: host: &apos;Amys-MBP&apos;, ip: &apos;fe80:0:0:0:66:2c15:646c:d60d%en0&apos;, os.name: &apos;Mac OS X&apos;, os.arch: &apos;x86_64&apos;, os.version: &apos;14.3.1&apos;, java.version: &apos;15.0.2&apos;
Driver info: driver.version: ChromeDriver
remote stacktrace: 0   chromedriver                        0x0000000100e9a100 chromedriver + 2384128
1   chromedriver                        0x0000000101486ccc chromedriver + 8596684
2   chromedriver                        0x0000000100c79660 chromedriver + 153184
3   chromedriver                        0x0000000100c996bc chromedriver + 284348
4   chromedriver                        0x0000000100c9667c chromedriver + 271996
5   chromedriver                        0x0000000100c941b4 chromedriver + 262580
6   chromedriver                        0x0000000100cbfbb0 chromedriver + 441264
7   chromedriver                        0x0000000100c9bab8 chromedriver + 293560
8   chromedriver                        0x0000000100c9c82c chromedriver + 297004
9   chromedriver                        0x0000000100e6ca70 chromedriver + 2198128
10  chromedriver                        0x0000000100e785ac chromedriver + 2246060
11  chromedriver                        0x0000000100e781d8 chromedriver + 2245080
12  chromedriver                        0x0000000100e55168 chromedriver + 2101608
13  chromedriver                        0x0000000100e78ee8 chromedriver + 2248424
14  chromedriver                        0x0000000100e62e54 chromedriver + 2158164
15  chromedriver                        0x0000000100e8e0b8 chromedriver + 2334904
16  chromedriver                        0x0000000100e9eef0 chromedriver + 2404080
17  libsystem_pthread.dylib             0x000000018994e034 _pthread_start + 136
18  libsystem_pthread.dylib             0x0000000189948e3c thread_start + 8

	at org.openqa.selenium.remote.W3CHandshakeResponse.lambda$errorHandler$0(W3CHandshakeResponse.java:62)
	at org.openqa.selenium.remote.HandshakeResponse.lambda$getResponseFunction$0(HandshakeResponse.java:30)
	at org.openqa.selenium.remote.ProtocolHandshake.lambda$createSession$0(ProtocolHandshake.java:126)
	at java.base/java.util.stream.ReferencePipeline$3$1.accept(ReferencePipeline.java:195)
	at java.base/java.util.Spliterators$ArraySpliterator.tryAdvance(Spliterators.java:958)
	at java.base/java.util.stream.ReferencePipeline.forEachWithCancel(ReferencePipeline.java:127)
	at java.base/java.util.stream.AbstractPipeline.copyIntoWithCancel(AbstractPipeline.java:502)
	at java.base/java.util.stream.AbstractPipeline.copyInto(AbstractPipeline.java:488)
	at java.base/java.util.stream.AbstractPipeline.wrapAndCopyInto(AbstractPipeline.java:474)
	at java.base/java.util.stream.FindOps$FindOp.evaluateSequential(FindOps.java:150)
	at java.base/java.util.stream.AbstractPipeline.evaluate(AbstractPipeline.java:234)
	at java.base/java.util.stream.ReferencePipeline.findFirst(ReferencePipeline.java:543)
	at org.openqa.selenium.remote.ProtocolHandshake.createSession(ProtocolHandshake.java:128)
	at org.openqa.selenium.remote.ProtocolHandshake.createSession(ProtocolHandshake.java:74)
	at org.openqa.selenium.remote.HttpCommandExecutor.execute(HttpCommandExecutor.java:136)
	at org.openqa.selenium.remote.service.DriverCommandExecutor.execute(DriverCommandExecutor.java:83)
	at org.openqa.selenium.remote.RemoteWebDriver.execute(RemoteWebDriver.java:552)
	at org.openqa.selenium.remote.RemoteWebDriver.startSession(RemoteWebDriver.java:213)
	at org.openqa.selenium.remote.RemoteWebDriver.&lt;init&gt;(RemoteWebDriver.java:131)
	at org.openqa.selenium.chrome.ChromeDriver.&lt;init&gt;(ChromeDriver.java:181)
	at org.openqa.selenium.chrome.ChromeDriver.&lt;init&gt;(ChromeDriver.java:168)
	at org.openqa.selenium.chrome.ChromeDriver.&lt;init&gt;(ChromeDriver.java:123)
	at com.testng.basics.class1.LoginTest1.openBrowserAndLaunchApp(LoginTest1.java:20)
	at java.base/java.util.ArrayList.forEach(ArrayList.java:1511)
	at com.intellij.rt.testng.IDEARemoteTestNG.run(IDEARemoteTestNG.java:66)
	at com.intellij.rt.testng.RemoteTestNGStarter.main(RemoteTestNGStarter.java:109)
... Removed 33 stack frames</div></td></tr></table><p class="totop"><a href="#summary">back to summary</a></p>
<h3 id="m1">com.testng.basics.class1.LoginTest1#tearDown</h3><table class="result"><tr><th class="invisible"/></tr></table><p class="totop"><a href="#summary">back to summary</a></p>
<h3 id="m2">com.testng.basics.class1.LoginTest1#validLogin</h3><table class="result"><tr><th>Exception</th></tr><tr><td><div class="stacktrace">org.openqa.selenium.SessionNotCreatedException: session not created: This version of ChromeDriver only supports Chrome version 89
Current browser version is 121.0.6167.184 with binary path /Applications/Google Chrome.app/Contents/MacOS/Google Chrome
Build info: version: &apos;3.141.59&apos;, revision: &apos;e82be7d358&apos;, time: &apos;2018-11-14T08:25:48&apos;
System info: host: &apos;Amys-MBP&apos;, ip: &apos;fe80:0:0:0:66:2c15:646c:d60d%en0&apos;, os.name: &apos;Mac OS X&apos;, os.arch: &apos;x86_64&apos;, os.version: &apos;14.3.1&apos;, java.version: &apos;15.0.2&apos;
Driver info: driver.version: ChromeDriver
remote stacktrace: 0   chromedriver                        0x0000000100e9a100 chromedriver + 2384128
1   chromedriver                        0x0000000101486ccc chromedriver + 8596684
2   chromedriver                        0x0000000100c79660 chromedriver + 153184
3   chromedriver                        0x0000000100c996bc chromedriver + 284348
4   chromedriver                        0x0000000100c9667c chromedriver + 271996
5   chromedriver                        0x0000000100c941b4 chromedriver + 262580
6   chromedriver                        0x0000000100cbfbb0 chromedriver + 441264
7   chromedriver                        0x0000000100c9bab8 chromedriver + 293560
8   chromedriver                        0x0000000100c9c82c chromedriver + 297004
9   chromedriver                        0x0000000100e6ca70 chromedriver + 2198128
10  chromedriver                        0x0000000100e785ac chromedriver + 2246060
11  chromedriver                        0x0000000100e781d8 chromedriver + 2245080
12  chromedriver                        0x0000000100e55168 chromedriver + 2101608
13  chromedriver                        0x0000000100e78ee8 chromedriver + 2248424
14  chromedriver                        0x0000000100e62e54 chromedriver + 2158164
15  chromedriver                        0x0000000100e8e0b8 chromedriver + 2334904
16  chromedriver                        0x0000000100e9eef0 chromedriver + 2404080
17  libsystem_pthread.dylib             0x000000018994e034 _pthread_start + 136
18  libsystem_pthread.dylib             0x0000000189948e3c thread_start + 8

	at org.openqa.selenium.remote.W3CHandshakeResponse.lambda$errorHandler$0(W3CHandshakeResponse.java:62)
	at org.openqa.selenium.remote.HandshakeResponse.lambda$getResponseFunction$0(HandshakeResponse.java:30)
	at org.openqa.selenium.remote.ProtocolHandshake.lambda$createSession$0(ProtocolHandshake.java:126)
	at java.base/java.util.stream.ReferencePipeline$3$1.accept(ReferencePipeline.java:195)
	at java.base/java.util.Spliterators$ArraySpliterator.tryAdvance(Spliterators.java:958)
	at java.base/java.util.stream.ReferencePipeline.forEachWithCancel(ReferencePipeline.java:127)
	at java.base/java.util.stream.AbstractPipeline.copyIntoWithCancel(AbstractPipeline.java:502)
	at java.base/java.util.stream.AbstractPipeline.copyInto(AbstractPipeline.java:488)
	at java.base/java.util.stream.AbstractPipeline.wrapAndCopyInto(AbstractPipeline.java:474)
	at java.base/java.util.stream.FindOps$FindOp.evaluateSequential(FindOps.java:150)
	at java.base/java.util.stream.AbstractPipeline.evaluate(AbstractPipeline.java:234)
	at java.base/java.util.stream.ReferencePipeline.findFirst(ReferencePipeline.java:543)
	at org.openqa.selenium.remote.ProtocolHandshake.createSession(ProtocolHandshake.java:128)
	at org.openqa.selenium.remote.ProtocolHandshake.createSession(ProtocolHandshake.java:74)
	at org.openqa.selenium.remote.HttpCommandExecutor.execute(HttpCommandExecutor.java:136)
	at org.openqa.selenium.remote.service.DriverCommandExecutor.execute(DriverCommandExecutor.java:83)
	at org.openqa.selenium.remote.RemoteWebDriver.execute(RemoteWebDriver.java:552)
	at org.openqa.selenium.remote.RemoteWebDriver.startSession(RemoteWebDriver.java:213)
	at org.openqa.selenium.remote.RemoteWebDriver.&lt;init&gt;(RemoteWebDriver.java:131)
	at org.openqa.selenium.chrome.ChromeDriver.&lt;init&gt;(ChromeDriver.java:181)
	at org.openqa.selenium.chrome.ChromeDriver.&lt;init&gt;(ChromeDriver.java:168)
	at org.openqa.selenium.chrome.ChromeDriver.&lt;init&gt;(ChromeDriver.java:123)
	at com.testng.basics.class1.LoginTest1.openBrowserAndLaunchApp(LoginTest1.java:20)
	at java.base/java.util.ArrayList.forEach(ArrayList.java:1511)
	at com.intellij.rt.testng.IDEARemoteTestNG.run(IDEARemoteTestNG.java:66)
	at com.intellij.rt.testng.RemoteTestNGStarter.main(RemoteTestNGStarter.java:109)
... Removed 33 stack frames</div></td></tr></table><p class="totop"><a href="#summary">back to summary</a></p>
</body>
</html>
